<?xml version="1.0" encoding="UTF-8"?>
<!-- Generated by org.testng.reporters.JUnitXMLReporter -->
<testsuite hostname="LTIN308858" name="Default test" tests="7" failures="0" timestamp="20 Jul 2021 10:26:15 GMT" time="94.304" errors="0">
  <testcase name="browserRun" time="9.602" classname="Suite.SuiteRun"/>
  <testcase name="homepage" time="12.05" classname="Suite.SuiteRun"/>
  <testcase name="hospitalPage" time="19.512" classname="Suite.SuiteRun"/>
  <testcase name="hospitalnames" time="24.11" classname="Suite.SuiteRun"/>
  <testcase name="diagnostics" time="6.357" classname="Suite.SuiteRun"/>
  <testcase name="corporate" time="12.862" classname="Suite.SuiteRun"/>
  <testcase name="quit" time="9.782" classname="Suite.SuiteRun"/>
</testsuite> <!-- Default test -->
