<?xml version="1.0" encoding="UTF-8"?>
<!-- Generated by org.testng.reporters.JUnitXMLReporter -->
<testsuite hostname="LTIN308858" name="Test" tests="7" failures="1" timestamp="20 Jul 2021 10:02:17 GMT" time="91.281" errors="0">
  <testcase name="browserRun" time="8.43" classname="Suite.SuiteRun"/>
  <testcase name="homepage" time="11.348" classname="Suite.SuiteRun"/>
  <testcase name="hospitalPage" time="19.59" classname="Suite.SuiteRun"/>
  <testcase name="hospitalnames" time="24.094" classname="Suite.SuiteRun"/>
  <testcase name="diagnostics" time="6.209" classname="Suite.SuiteRun"/>
  <testcase name="corporate" time="12.288" classname="Suite.SuiteRun">
    <failure type="org.openqa.selenium.UnhandledAlertException" message="Dismissed user prompt dialog: Please enter valid phone no: 
Build info: version: &amp;apos;3.141.59&amp;apos;, revision: &amp;apos;e82be7d358&amp;apos;, time: &amp;apos;2018-11-14T08:25:48&amp;apos;
System info: host: &amp;apos;LTIN308858&amp;apos;, ip: &amp;apos;192.168.1.100&amp;apos;, os.name: &amp;apos;Windows 10&amp;apos;, os.arch: &amp;apos;amd64&amp;apos;, os.version: &amp;apos;10.0&amp;apos;, java.version: &amp;apos;1.8.0_291&amp;apos;
Driver info: org.openqa.selenium.firefox.FirefoxDriver
Capabilities {acceptInsecureCerts: true, browserName: firefox, browserVersion: 89.0.2, javascriptEnabled: true, moz:accessibilityChecks: false, moz:buildID: 20210622155641, moz:geckodriverVersion: 0.29.1, moz:headless: false, moz:processID: 15412, moz:profile: C:\Users\885652\AppData\Loc..., moz:shutdownTimeout: 60000, moz:useNonSpecCompliantPointerOrigin: false, moz:webdriverClick: true, pageLoadStrategy: normal, platform: WINDOWS, platformName: WINDOWS, platformVersion: 10.0, setWindowRect: true, strictFileInteractability: false, timeouts: {implicit: 0, pageLoad: 300000, script: 30000}, unhandledPromptBehavior: dismiss and notify}
Session ID: 5ab2822d-a92e-4ae2-ae1b-9df17bdd2b43">
      <![CDATA[org.openqa.selenium.UnhandledAlertException: Dismissed user prompt dialog: Please enter valid phone no: 
Build info: version: '3.141.59', revision: 'e82be7d358', time: '2018-11-14T08:25:48'
System info: host: 'LTIN308858', ip: '192.168.1.100', os.name: 'Windows 10', os.arch: 'amd64', os.version: '10.0', java.version: '1.8.0_291'
Driver info: org.openqa.selenium.firefox.FirefoxDriver
Capabilities {acceptInsecureCerts: true, browserName: firefox, browserVersion: 89.0.2, javascriptEnabled: true, moz:accessibilityChecks: false, moz:buildID: 20210622155641, moz:geckodriverVersion: 0.29.1, moz:headless: false, moz:processID: 15412, moz:profile: C:\Users\885652\AppData\Loc..., moz:shutdownTimeout: 60000, moz:useNonSpecCompliantPointerOrigin: false, moz:webdriverClick: true, pageLoadStrategy: normal, platform: WINDOWS, platformName: WINDOWS, platformVersion: 10.0, setWindowRect: true, strictFileInteractability: false, timeouts: {implicit: 0, pageLoad: 300000, script: 30000}, unhandledPromptBehavior: dismiss and notify}
Session ID: 5ab2822d-a92e-4ae2-ae1b-9df17bdd2b43
	at org.openqa.selenium.remote.http.W3CHttpResponseCodec.decode(W3CHttpResponseCodec.java:120)
	at org.openqa.selenium.remote.http.W3CHttpResponseCodec.decode(W3CHttpResponseCodec.java:49)
	at org.openqa.selenium.remote.HttpCommandExecutor.execute(HttpCommandExecutor.java:158)
	at org.openqa.selenium.remote.service.DriverCommandExecutor.execute(DriverCommandExecutor.java:83)
	at org.openqa.selenium.remote.RemoteWebDriver.execute(RemoteWebDriver.java:552)
	at org.openqa.selenium.remote.RemoteWebDriver.execute(RemoteWebDriver.java:609)
	at org.openqa.selenium.remote.RemoteWebDriver.getScreenshotAs(RemoteWebDriver.java:295)
	at New.AutomationProject.CaptureScreenShot.captureScreenShot(CaptureScreenShot.java:21)
	at New.AutomationProject.HomePage.corporateWellness(HomePage.java:234)
	at Suite.SuiteRun.corporate(SuiteRun.java:44)
... Removed 25 stack frames]]>
    </failure>
  </testcase> <!-- corporate -->
  <testcase name="quit" time="9.29" classname="Suite.SuiteRun"/>
</testsuite> <!-- Test -->
